0 info it worked if it ends with ok
1 verbose cli [ '/usr/bin/nodejs', '/usr/bin/npm', 'run', 'test' ]
2 info using npm@3.10.3
3 info using node@v6.3.0
4 verbose run-script [ 'pretest', 'test', 'posttest' ]
5 info lifecycle firestore-node@1.0.0~pretest: firestore-node@1.0.0
6 silly lifecycle firestore-node@1.0.0~pretest: no script for pretest, continuing
7 info lifecycle firestore-node@1.0.0~test: firestore-node@1.0.0
8 verbose lifecycle firestore-node@1.0.0~test: unsafe-perm in lifecycle true
9 verbose lifecycle firestore-node@1.0.0~test: PATH: /usr/lib/node_modules/npm/bin/node-gyp-bin:/usr/local/google/home/abehaskins/Development/snippets-node/firestore/main/node_modules/.bin:/usr/bin:/usr/local/google/home/abehaskins/.google/google-cloud-sdk/bin/:/usr/local/google/home/abehaskins/Development/go/bin/:/usr/local/google/home/abehaskins/opt/godot/:/usr/lib/google-golang/bin:/usr/local/buildtools/java/jdk/bin:/usr/local/sbin:/usr/local/bin:/usr/sbin:/usr/bin:/sbin:/bin
10 verbose lifecycle firestore-node@1.0.0~test: CWD: /usr/local/google/home/abehaskins/Development/snippets-node/firestore/main
11 silly lifecycle firestore-node@1.0.0~test: Args: [ '-c',
11 silly lifecycle   'env GCLOUD_PROJECT=firestorebeta1test2 ./node_modules/.bin/mocha --timeout 20000 index.js' ]
12 info lifecycle firestore-node@1.0.0~test: Failed to exec test script
13 verbose stack Error: firestore-node@1.0.0 test: `env GCLOUD_PROJECT=firestorebeta1test2 ./node_modules/.bin/mocha --timeout 20000 index.js`
13 verbose stack spawn ENOENT
13 verbose stack     at ChildProcess.<anonymous> (/usr/lib/node_modules/npm/lib/utils/spawn.js:33:16)
13 verbose stack     at emitTwo (events.js:106:13)
13 verbose stack     at ChildProcess.emit (events.js:191:7)
13 verbose stack     at maybeClose (internal/child_process.js:852:16)
13 verbose stack     at Process.ChildProcess._handle.onexit (internal/child_process.js:215:5)
14 verbose pkgid firestore-node@1.0.0
15 verbose cwd /usr/local/google/home/abehaskins/Development/snippets-node/firestore/main
16 error Linux 4.4.0-87-generic
17 error argv "/usr/bin/nodejs" "/usr/bin/npm" "run" "test"
18 error node v6.3.0
19 error npm  v3.10.3
20 error file sh
21 error code ELIFECYCLE
22 error errno ENOENT
23 error syscall spawn
24 error firestore-node@1.0.0 test: `env GCLOUD_PROJECT=firestorebeta1test2 ./node_modules/.bin/mocha --timeout 20000 index.js`
24 error spawn ENOENT
25 error Failed at the firestore-node@1.0.0 test script 'env GCLOUD_PROJECT=firestorebeta1test2 ./node_modules/.bin/mocha --timeout 20000 index.js'.
25 error Make sure you have the latest version of node.js and npm installed.
25 error If you do, this is most likely a problem with the firestore-node package,
25 error not with npm itself.
25 error Tell the author that this fails on your system:
25 error     env GCLOUD_PROJECT=firestorebeta1test2 ./node_modules/.bin/mocha --timeout 20000 index.js
25 error You can get information on how to open an issue for this project with:
25 error     npm bugs firestore-node
25 error Or if that isn't available, you can get their info via:
25 error     npm owner ls firestore-node
25 error There is likely additional logging output above.
26 verbose exit [ 1, true ]
